Command line:
   Instr_Memory_isim_beh.exe
     -simmode  gui
     -simrunnum  0
     -socket  60657

Fri Jun 05 21:03:17 2015


 Elaboration Time: 0.296875 sec

 Current Memory Usage: 518.447 Meg

 Total Signals          : 14
 Total Nets             : 77
 Total Signal Drivers   : 6
 Total Blocks           : 2
 Total Primitive Blocks : 2
 Total Processes        : 9
 Total Traceable Variables  : 21
 Total Scalar Nets and Variables : 1245
Total Line Count : 20

 Total Simulation Time: 0.3125 sec

 Current Memory Usage: 518.447 Meg

Fri Jun 05 21:03:23 2015

